address: 00000 contents: 0x9000
address: 00001 contents: 0xD124
address: 00002 contents: 0xF00B
address: 00003 contents: 0x9036
address: 00004 contents: 0xD124
address: 00005 contents: 0xF00B
address: 09216 contents: 0x0054
address: 09217 contents: 0x0068
address: 09218 contents: 0x0069
address: 09219 contents: 0x0073
address: 09220 contents: 0x0020
address: 09221 contents: 0x0069
address: 09222 contents: 0x0073
address: 09223 contents: 0x0020
address: 09224 contents: 0x0061
address: 09225 contents: 0x0020
address: 09226 contents: 0x0073
address: 09227 contents: 0x0074
address: 09228 contents: 0x0072
address: 09229 contents: 0x0069
address: 09230 contents: 0x006E
address: 09231 contents: 0x0067
address: 09232 contents: 0x0020
address: 09233 contents: 0x0074
address: 09234 contents: 0x0068
address: 09235 contents: 0x0061
address: 09236 contents: 0x0074
address: 09237 contents: 0x0020
address: 09238 contents: 0x0049
address: 09239 contents: 0x0020
address: 09240 contents: 0x0077
address: 09241 contents: 0x0061
address: 09242 contents: 0x006E
address: 09243 contents: 0x0074
address: 09244 contents: 0x0020
address: 09245 contents: 0x0079
address: 09246 contents: 0x006F
address: 09247 contents: 0x0075
address: 09248 contents: 0x0020
address: 09249 contents: 0x0074
address: 09250 contents: 0x006F
address: 09251 contents: 0x0020
address: 09252 contents: 0x0070
address: 09253 contents: 0x0072
address: 09254 contents: 0x0069
address: 09255 contents: 0x006E
address: 09256 contents: 0x0074
address: 09257 contents: 0x0020
address: 09258 contents: 0x0063
address: 09259 contents: 0x006F
address: 09260 contents: 0x0072
address: 09261 contents: 0x0072
address: 09262 contents: 0x0065
address: 09263 contents: 0x0063
address: 09264 contents: 0x0074
address: 09265 contents: 0x006C
address: 09266 contents: 0x0079
address: 09267 contents: 0x0021
address: 09268 contents: 0x000A
address: 09270 contents: 0x0042
address: 09271 contents: 0x0075
address: 09272 contents: 0x0074
address: 09273 contents: 0x0020
address: 09274 contents: 0x0063
address: 09275 contents: 0x0061
address: 09276 contents: 0x006E
address: 09277 contents: 0x0020
address: 09278 contents: 0x0079
address: 09279 contents: 0x006F
address: 09280 contents: 0x0075
address: 09281 contents: 0x0020
address: 09282 contents: 0x0070
address: 09283 contents: 0x0072
address: 09284 contents: 0x0069
address: 09285 contents: 0x006E
address: 09286 contents: 0x0074
address: 09287 contents: 0x0020
address: 09288 contents: 0x0074
address: 09289 contents: 0x0068
address: 09290 contents: 0x0069
address: 09291 contents: 0x0073
address: 09292 contents: 0x0020
address: 09293 contents: 0x006F
address: 09294 contents: 0x006E
address: 09295 contents: 0x0065
address: 09296 contents: 0x003F
address: 09297 contents: 0x000A
